Línea 19: la clase MSDataGridLib.DataGrid del control DataGrid2 no era una clase de control cargada.
Línea 260: la clase MSDataGridLib.DataGrid del control DataGrid1 no era una clase de control cargada.
Línea 325: la clase MSAdodcLib.Adodc del control ADODCINV no era una clase de control cargada.
Línea 25: el nombre de la propiedad _ExtentX de DataGrid2 no es válido.
Línea 26: el nombre de la propiedad _ExtentY de DataGrid2 no es válido.
Línea 27: el nombre de la propiedad _Version de DataGrid2 no es válido.
Línea 28: el nombre de la propiedad HeadLines de DataGrid2 no es válido.
Línea 29: el nombre de la propiedad RowHeight de DataGrid2 no es válido.
Línea 38: el nombre de la propiedad HeadFont de DataGrid2 no es válido.
Línea 48: el nombre de la propiedad ColumnCount de DataGrid2 no es válido.
Línea 61: el nombre de la propiedad Column00 de DataGrid2 no es válido.
Línea 74: el nombre de la propiedad Column01 de DataGrid2 no es válido.
Línea 75: el nombre de la propiedad SplitCount de DataGrid2 no es válido.
Línea 81: el nombre de la propiedad Split0 de DataGrid2 no es válido.
Línea 261: el nombre de la propiedad Bindings de DataGrid1 no es válido.
Línea 267: el nombre de la propiedad _ExtentX de DataGrid1 no es válido.
Línea 268: el nombre de la propiedad _ExtentY de DataGrid1 no es válido.
Línea 269: el nombre de la propiedad _Version de DataGrid1 no es válido.
Línea 270: el nombre de la propiedad HeadLines de DataGrid1 no es válido.
Línea 271: el nombre de la propiedad RowHeight de DataGrid1 no es válido.
Línea 280: el nombre de la propiedad HeadFont de DataGrid1 no es válido.
Línea 290: el nombre de la propiedad ColumnCount de DataGrid1 no es válido.
Línea 303: el nombre de la propiedad Column00 de DataGrid1 no es válido.
Línea 316: el nombre de la propiedad Column01 de DataGrid1 no es válido.
Línea 317: el nombre de la propiedad SplitCount de DataGrid1 no es válido.
Línea 323: el nombre de la propiedad Split0 de DataGrid1 no es válido.
Línea 331: el nombre de la propiedad _ExtentX de ADODCINV no es válido.
Línea 332: el nombre de la propiedad _ExtentY de ADODCINV no es válido.
Línea 333: el nombre de la propiedad ConnectMode de ADODCINV no es válido.
Línea 334: el nombre de la propiedad CursorLocation de ADODCINV no es válido.
Línea 335: el nombre de la propiedad IsolationLevel de ADODCINV no es válido.
Línea 336: el nombre de la propiedad ConnectionTimeout de ADODCINV no es válido.
Línea 337: el nombre de la propiedad CommandTimeout de ADODCINV no es válido.
Línea 338: el nombre de la propiedad CursorType de ADODCINV no es válido.
Línea 339: el nombre de la propiedad LockType de ADODCINV no es válido.
Línea 340: el nombre de la propiedad CommandType de ADODCINV no es válido.
Línea 341: el nombre de la propiedad CursorOptions de ADODCINV no es válido.
Línea 342: el nombre de la propiedad CacheSize de ADODCINV no es válido.
Línea 343: el nombre de la propiedad MaxRecords de ADODCINV no es válido.
Línea 344: el nombre de la propiedad BOFAction de ADODCINV no es válido.
Línea 345: el nombre de la propiedad EOFAction de ADODCINV no es válido.
Línea 346: el nombre de la propiedad ConnectStringType de ADODCINV no es válido.
Línea 350: el nombre de la propiedad Orientation de ADODCINV no es válido.
Línea 352: el nombre de la propiedad Connect de ADODCINV no es válido.
Línea 353: el nombre de la propiedad OLEDBString de ADODCINV no es válido.
Línea 354: el nombre de la propiedad OLEDBFile de ADODCINV no es válido.
Línea 355: el nombre de la propiedad DataSourceName de ADODCINV no es válido.
Línea 356: el nombre de la propiedad OtherAttributes de ADODCINV no es válido.
Línea 357: el nombre de la propiedad UserName de ADODCINV no es válido.
Línea 358: el nombre de la propiedad Password de ADODCINV no es válido.
Línea 359: el nombre de la propiedad RecordSource de ADODCINV no es válido.
Línea 360: el nombre de la propiedad Caption de ADODCINV no es válido.
Línea 370: el nombre de la propiedad _Version de ADODCINV no es válido.
